2019-07-03 12:11:38,465   WARNING pygtris run_game: Need to find out how to scale the game window.
2019-07-03 12:11:38,490     DEBUG pygtris setup_UI_playfield: Setting up UI playfield
2019-07-03 12:11:38,499      INFO pygtris run_game: Starting game
2019-07-03 12:11:38,500     DEBUG pygtris run_game: Rendering 'Hello better World!'
2019-07-03 12:11:38,502     DEBUG pygtris run_game: Moving it into position
2019-07-03 12:11:39,507     DEBUG pygtris run_game: TICK with 1 rects to redraw
2019-07-03 12:11:40,502     DEBUG pygtris run_game: TICK with 1 rects to redraw
2019-07-03 12:11:41,501     DEBUG pygtris run_game: TICK with 1 rects to redraw
2019-07-03 12:11:42,505     DEBUG pygtris run_game: TICK with 1 rects to redraw
2019-07-03 12:11:43,510     DEBUG pygtris run_game: TICK with 1 rects to redraw
2019-07-03 12:11:44,502     DEBUG pygtris run_game: TICK with 1 rects to redraw
2019-07-03 12:11:45,499     DEBUG pygtris run_game: TICK with 1 rects to redraw
2019-07-03 12:11:46,505     DEBUG pygtris run_game: TICK with 1 rects to redraw
2019-07-03 12:11:47,502     DEBUG pygtris run_game: TICK with 1 rects to redraw
2019-07-03 12:11:48,499     DEBUG pygtris run_game: TICK with 1 rects to redraw
2019-07-03 12:11:49,503     DEBUG pygtris run_game: TICK with 1 rects to redraw
2019-07-03 12:11:50,507     DEBUG pygtris run_game: TICK with 1 rects to redraw
2019-07-03 12:11:51,508     DEBUG pygtris run_game: TICK with 1 rects to redraw
2019-07-03 12:11:52,504     DEBUG pygtris run_game: TICK with 1 rects to redraw
2019-07-03 12:11:53,502     DEBUG pygtris run_game: TICK with 1 rects to redraw
2019-07-03 12:11:54,508     DEBUG pygtris run_game: TICK with 1 rects to redraw
2019-07-03 12:11:55,509     DEBUG pygtris run_game: TICK with 1 rects to redraw
2019-07-03 12:11:56,508     DEBUG pygtris run_game: TICK with 1 rects to redraw
2019-07-03 12:11:57,508     DEBUG pygtris run_game: TICK with 1 rects to redraw
2019-07-03 12:11:58,504     DEBUG pygtris run_game: TICK with 1 rects to redraw
2019-07-03 12:11:59,504     DEBUG pygtris run_game: TICK with 1 rects to redraw
2019-07-03 12:12:00,507     DEBUG pygtris run_game: TICK with 1 rects to redraw
2019-07-03 12:12:01,461      INFO pygtris run_game: Quitting game
